<?xml version="1.0" encoding="UTF-8"?>
<!-- Generated by org.testng.reporters.JUnitReportReporter -->
<testsuite skipped="0" hostname="LAPTOP-6BDUD9E1" name="com.crm.PracticeScripts.Sample1Test" tests="1" failures="0" timestamp="2022-04-06T14:25:01 IST" time="0.013" errors="0">
  <testcase name="sample1Test" time="0.013" classname="com.crm.PracticeScripts.Sample1Test"/>
  <system-out/>
</testsuite> <!-- com.crm.PracticeScripts.Sample1Test -->
