<?xml version="1.0" encoding="UTF-8"?>
<!-- Generated by org.testng.reporters.JUnitReportReporter -->
<testsuite skipped="0" hostname="LAPTOP-6BDUD9E1" name="com.crm.XpathandHtml.Xpathcase1" tests="1" failures="0" timestamp="2022-03-22T10:40:39 IST" time="53.213" errors="0">
  <testcase name="xpathcase1" time="53.213" classname="com.crm.XpathandHtml.Xpathcase1"/>
  <system-out/>
</testsuite> <!-- com.crm.XpathandHtml.Xpathcase1 -->
