<?xml version="1.0" encoding="UTF-8"?>
<!-- Generated by org.testng.reporters.JUnitReportReporter -->
<testsuite skipped="0" hostname="LAPTOP-6BDUD9E1" name="com.crm.PracticeScripts.ExampleProductsScripts" tests="1" failures="0" timestamp="2022-03-22T09:56:07 IST" time="49.216" errors="0">
  <testcase name="exampleProductsScripts" time="49.216" classname="com.crm.PracticeScripts.ExampleProductsScripts"/>
  <system-out/>
</testsuite> <!-- com.crm.PracticeScripts.ExampleProductsScripts -->
